# JRE version: OpenJDK Runtime Environment (7.0_79-b14) (build 1.7.0_79-b14)
# Java VM: OpenJDK 64-Bit Server VM (24.79-b02 mixed mode linux-amd64 compressed oops)
Heap
 PSYoungGen      total 33280K, used 784K [0x00000000ec000000, 0x00000000ee300000, 0x0000000100000000)
  eden space 30720K, 0% used [0x00000000ec000000,0x00000000ec000000,0x00000000ede00000)
  from space 2560K, 30% used [0x00000000ee080000,0x00000000ee144010,0x00000000ee300000)
  to   space 2560K, 30% used [0x00000000ede00000,0x00000000edec4010,0x00000000ee080000)
 ParOldGen       total 655360K, used 529394K [0x00000000c4000000, 0x00000000ec000000, 0x00000000ec000000)
  object space 655360K, 80% used [0x00000000c4000000,0x00000000e44fc810,0x00000000ec000000)
 PSPermGen       total 21504K, used 6535K [0x00000000b9a00000, 0x00000000baf00000, 0x00000000c4000000)
  object space 21504K, 30% used [0x00000000b9a00000,0x00000000ba061cc8,0x00000000baf00000)
GC Heap History (5 events):
Event: 0,634 GC heap before
{Heap before GC invocations=1 (full 0):
 PSYoungGen      total 17920K, used 13694K [0x00000000ec000000, 0x00000000ed400000, 0x0000000100000000)
  eden space 15360K, 89% used [0x00000000ec000000,0x00000000ecd5f8d8,0x00000000ecf00000)
  from space 2560K, 0% used [0x00000000ed180000,0x00000000ed180000,0x00000000ed400000)
  to   space 2560K, 0% used [0x00000000ecf00000,0x00000000ecf00000,0x00000000ed180000)
 ParOldGen       total 40960K, used 0K [0x00000000c4000000, 0x00000000c6800000, 0x00000000ec000000)
  object space 40960K, 0% used [0x00000000c4000000,0x00000000c4000000,0x00000000c6800000)
 PSPermGen       total 21504K, used 6535K [0x00000000b9a00000, 0x00000000baf00000, 0x00000000c4000000)
  object space 21504K, 30% used [0x00000000b9a00000,0x00000000ba061cc8,0x00000000baf00000)
Event: 0,642 GC heap after
Heap after GC invocations=1 (full 0):
 PSYoungGen      total 17920K, used 880K [0x00000000ec000000, 0x00000000ee300000, 0x0000000100000000)
  eden space 15360K, 0% used [0x00000000ec000000,0x00000000ec000000,0x00000000ecf00000)
  from space 2560K, 34% used [0x00000000ecf00000,0x00000000ecfdc010,0x00000000ed180000)
  to   space 2560K, 0% used [0x00000000ee080000,0x00000000ee080000,0x00000000ee300000)
 ParOldGen       total 40960K, used 3173K [0x00000000c4000000, 0x00000000c6800000, 0x00000000ec000000)
  object space 40960K, 7% used [0x00000000c4000000,0x00000000c4319568,0x00000000c6800000)
 PSPermGen       total 21504K, used 6535K [0x00000000b9a00000, 0x00000000baf00000, 0x00000000c4000000)
  object space 21504K, 30% used [0x00000000b9a00000,0x00000000ba061cc8,0x00000000baf00000)
}
Event: 1,126 GC heap before
{Heap before GC invocations=2 (full 0):
 PSYoungGen      total 17920K, used 13102K [0x00000000ec000000, 0x00000000ee300000, 0x0000000100000000)
  eden space 15360K, 79% used [0x00000000ec000000,0x00000000ecbef868,0x00000000ecf00000)
  from space 2560K, 34% used [0x00000000ecf00000,0x00000000ecfdc010,0x00000000ed180000)
  to   space 2560K, 0% used [0x00000000ee080000,0x00000000ee080000,0x00000000ee300000)
 ParOldGen       total 655360K, used 529394K [0x00000000c4000000, 0x00000000ec000000, 0x00000000ec000000)
  object space 655360K, 80% used [0x00000000c4000000,0x00000000e44fc810,0x00000000ec000000)
 PSPermGen       total 21504K, used 6535K [0x00000000b9a00000, 0x00000000baf00000, 0x00000000c4000000)
  object space 21504K, 30% used [0x00000000b9a00000,0x00000000ba061cc8,0x00000000baf00000)
Event: 1,622 GC heap after
Heap after GC invocations=2 (full 0):
 PSYoungGen      total 33280K, used 784K [0x00000000ec000000, 0x00000000ee300000, 0x0000000100000000)
  eden space 30720K, 0% used [0x00000000ec000000,0x00000000ec000000,0x00000000ede00000)
  from space 2560K, 30% used [0x00000000ee080000,0x00000000ee144010,0x00000000ee300000)
  to   space 2560K, 0% used [0x00000000ede00000,0x00000000ede00000,0x00000000ee080000)
 ParOldGen       total 655360K, used 529394K [0x00000000c4000000, 0x00000000ec000000, 0x00000000ec000000)
  object space 655360K, 80% used [0x00000000c4000000,0x00000000e44fc810,0x00000000ec000000)
 PSPermGen       total 21504K, used 6535K [0x00000000b9a00000, 0x00000000baf00000, 0x00000000c4000000)
  object space 21504K, 30% used [0x00000000b9a00000,0x00000000ba061cc8,0x00000000baf00000)
}
Event: 1,622 GC heap before
{Heap before GC invocations=3 (full 0):
 PSYoungGen      total 33280K, used 784K [0x00000000ec000000, 0x00000000ee300000, 0x0000000100000000)
  eden space 30720K, 0% used [0x00000000ec000000,0x00000000ec000000,0x00000000ede00000)
  from space 2560K, 30% used [0x00000000ee080000,0x00000000ee144010,0x00000000ee300000)
  to   space 2560K, 0% used [0x00000000ede00000,0x00000000ede00000,0x00000000ee080000)
 ParOldGen       total 655360K, used 529394K [0x00000000c4000000, 0x00000000ec000000, 0x00000000ec000000)
  object space 655360K, 80% used [0x00000000c4000000,0x00000000e44fc810,0x00000000ec000000)
 PSPermGen       total 21504K, used 6535K [0x00000000b9a00000, 0x00000000baf00000, 0x00000000c4000000)
  object space 21504K, 30% used [0x00000000b9a00000,0x00000000ba061cc8,0x00000000baf00000)

