# JRE version: OpenJDK Runtime Environment (7.0_79-b14) (build 1.7.0_79-b14)
# Java VM: OpenJDK 64-Bit Server VM (24.79-b02 mixed mode linux-amd64 compressed oops)
Heap
 PSYoungGen      total 83456K, used 0K [0x00000000ec000000, 0x00000000f1580000, 0x0000000100000000)
  eden space 81920K, 0% used [0x00000000ec000000,0x00000000ec000000,0x00000000f1000000)
  from space 1536K, 0% used [0x00000000f1180000,0x00000000f1180000,0x00000000f1300000)
  to   space 1536K, 0% used [0x00000000f1000000,0x00000000f1000000,0x00000000f1180000)
 ParOldGen       total 655360K, used 274532K [0x00000000c4000000, 0x00000000ec000000, 0x00000000ec000000)
  object space 655360K, 41% used [0x00000000c4000000,0x00000000d4c19390,0x00000000ec000000)
 PSPermGen       total 21504K, used 6533K [0x00000000b9a00000, 0x00000000baf00000, 0x00000000c4000000)
  object space 21504K, 30% used [0x00000000b9a00000,0x00000000ba061728,0x00000000baf00000)
GC Heap History (10 events):
Event: 2,793 GC heap after
Heap after GC invocations=4 (full 1):
 PSYoungGen      total 33280K, used 0K [0x00000000ec000000, 0x00000000f0100000, 0x0000000100000000)
  eden space 30720K, 0% used [0x00000000ec000000,0x00000000ec000000,0x00000000ede00000)
  from space 2560K, 0% used [0x00000000ede00000,0x00000000ede00000,0x00000000ee080000)
  to   space 2560K, 0% used [0x00000000efe80000,0x00000000efe80000,0x00000000f0100000)
 ParOldGen       total 234496K, used 183268K [0x00000000c4000000, 0x00000000d2500000, 0x00000000ec000000)
  object space 234496K, 78% used [0x00000000c4000000,0x00000000cf2f91e8,0x00000000d2500000)
 PSPermGen       total 21504K, used 6533K [0x00000000b9a00000, 0x00000000baf00000, 0x00000000c4000000)
  object space 21504K, 30% used [0x00000000b9a00000,0x00000000ba061728,0x00000000baf00000)
}
Event: 3,100 GC heap before
{Heap before GC invocations=5 (full 1):
 PSYoungGen      total 33280K, used 0K [0x00000000ec000000, 0x00000000f0100000, 0x0000000100000000)
  eden space 30720K, 0% used [0x00000000ec000000,0x00000000ec000000,0x00000000ede00000)
  from space 2560K, 0% used [0x00000000ede00000,0x00000000ede00000,0x00000000ee080000)
  to   space 2560K, 0% used [0x00000000efe80000,0x00000000efe80000,0x00000000f0100000)
 ParOldGen       total 655360K, used 457061K [0x00000000c4000000, 0x00000000ec000000, 0x00000000ec000000)
  object space 655360K, 69% used [0x00000000c4000000,0x00000000dfe596f0,0x00000000ec000000)
 PSPermGen       total 21504K, used 6533K [0x00000000b9a00000, 0x00000000baf00000, 0x00000000c4000000)
  object space 21504K, 30% used [0x00000000b9a00000,0x00000000ba061728,0x00000000baf00000)
Event: 3,254 GC heap after
Heap after GC invocations=5 (full 1):
 PSYoungGen      total 49664K, used 0K [0x00000000ec000000, 0x00000000eff00000, 0x0000000100000000)
  eden space 49152K, 0% used [0x00000000ec000000,0x00000000ec000000,0x00000000ef000000)
  from space 512K, 0% used [0x00000000efe80000,0x00000000efe80000,0x00000000eff00000)
  to   space 2560K, 0% used [0x00000000efa00000,0x00000000efa00000,0x00000000efc80000)
 ParOldGen       total 655360K, used 457061K [0x00000000c4000000, 0x00000000ec000000, 0x00000000ec000000)
  object space 655360K, 69% used [0x00000000c4000000,0x00000000dfe596f0,0x00000000ec000000)
 PSPermGen       total 21504K, used 6533K [0x00000000b9a00000, 0x00000000baf00000, 0x00000000c4000000)
  object space 21504K, 30% used [0x00000000b9a00000,0x00000000ba061728,0x00000000baf00000)
}
Event: 3,254 GC heap before
{Heap before GC invocations=6 (full 1):
 PSYoungGen      total 49664K, used 0K [0x00000000ec000000, 0x00000000eff00000, 0x0000000100000000)
  eden space 49152K, 0% used [0x00000000ec000000,0x00000000ec000000,0x00000000ef000000)
  from space 512K, 0% used [0x00000000efe80000,0x00000000efe80000,0x00000000eff00000)
  to   space 2560K, 0% used [0x00000000efa00000,0x00000000efa00000,0x00000000efc80000)
 ParOldGen       total 655360K, used 457061K [0x00000000c4000000, 0x00000000ec000000, 0x00000000ec000000)
  object space 655360K, 69% used [0x00000000c4000000,0x00000000dfe596f0,0x00000000ec000000)
 PSPermGen       total 21504K, used 6533K [0x00000000b9a00000, 0x00000000baf00000, 0x00000000c4000000)
  object space 21504K, 30% used [0x00000000b9a00000,0x00000000ba061728,0x00000000baf00000)
Event: 3,395 GC heap after
Heap after GC invocations=6 (full 1):
 PSYoungGen      total 61952K, used 0K [0x00000000ec000000, 0x00000000f1300000, 0x0000000100000000)
  eden space 59392K, 0% used [0x00000000ec000000,0x00000000ec000000,0x00000000efa00000)
  from space 2560K, 0% used [0x00000000efa00000,0x00000000efa00000,0x00000000efc80000)
  to   space 1536K, 0% used [0x00000000f1180000,0x00000000f1180000,0x00000000f1300000)
 ParOldGen       total 655360K, used 457061K [0x00000000c4000000, 0x00000000ec000000, 0x00000000ec000000)
  object space 655360K, 69% used [0x00000000c4000000,0x00000000dfe596f0,0x00000000ec000000)
 PSPermGen       total 21504K, used 6533K [0x00000000b9a00000, 0x00000000baf00000, 0x00000000c4000000)
  object space 21504K, 30% used [0x00000000b9a00000,0x00000000ba061728,0x00000000baf00000)
}
Event: 3,395 GC heap before
{Heap before GC invocations=7 (full 2):
 PSYoungGen      total 61952K, used 0K [0x00000000ec000000, 0x00000000f1300000, 0x0000000100000000)
  eden space 59392K, 0% used [0x00000000ec000000,0x00000000ec000000,0x00000000efa00000)
  from space 2560K, 0% used [0x00000000efa00000,0x00000000efa00000,0x00000000efc80000)
  to   space 1536K, 0% used [0x00000000f1180000,0x00000000f1180000,0x00000000f1300000)
 ParOldGen       total 655360K, used 457061K [0x00000000c4000000, 0x00000000ec000000, 0x00000000ec000000)
  object space 655360K, 69% used [0x00000000c4000000,0x00000000dfe596f0,0x00000000ec000000)
 PSPermGen       total 21504K, used 6533K [0x00000000b9a00000, 0x00000000baf00000, 0x00000000c4000000)
  object space 21504K, 30% used [0x00000000b9a00000,0x00000000ba061728,0x00000000baf00000)
Event: 6,998 GC heap after
Heap after GC invocations=7 (full 2):
 PSYoungGen      total 61952K, used 0K [0x00000000ec000000, 0x00000000f1300000, 0x0000000100000000)
  eden space 59392K, 0% used [0x00000000ec000000,0x00000000ec000000,0x00000000efa00000)
  from space 2560K, 0% used [0x00000000efa00000,0x00000000efa00000,0x00000000efc80000)
  to   space 1536K, 0% used [0x00000000f1180000,0x00000000f1180000,0x00000000f1300000)
 ParOldGen       total 350720K, used 274532K [0x00000000c4000000, 0x00000000d9680000, 0x00000000ec000000)
  object space 350720K, 78% used [0x00000000c4000000,0x00000000d4c19390,0x00000000d9680000)
 PSPermGen       total 21504K, used 6533K [0x00000000b9a00000, 0x00000000baf00000, 0x00000000c4000000)
  object space 21504K, 30% used [0x00000000b9a00000,0x00000000ba061728,0x00000000baf00000)
}
Event: 6,998 GC heap before
{Heap before GC invocations=8 (full 2):
 PSYoungGen      total 61952K, used 0K [0x00000000ec000000, 0x00000000f1300000, 0x0000000100000000)
  eden space 59392K, 0% used [0x00000000ec000000,0x00000000ec000000,0x00000000efa00000)
  from space 2560K, 0% used [0x00000000efa00000,0x00000000efa00000,0x00000000efc80000)
  to   space 1536K, 0% used [0x00000000f1180000,0x00000000f1180000,0x00000000f1300000)
 ParOldGen       total 655360K, used 274532K [0x00000000c4000000, 0x00000000ec000000, 0x00000000ec000000)
  object space 655360K, 41% used [0x00000000c4000000,0x00000000d4c19390,0x00000000ec000000)
 PSPermGen       total 21504K, used 6533K [0x00000000b9a00000, 0x00000000baf00000, 0x00000000c4000000)
  object space 21504K, 30% used [0x00000000b9a00000,0x00000000ba061728,0x00000000baf00000)
Event: 6,999 GC heap after
Heap after GC invocations=8 (full 2):
 PSYoungGen      total 83456K, used 0K [0x00000000ec000000, 0x00000000f1580000, 0x0000000100000000)
  eden space 81920K, 0% used [0x00000000ec000000,0x00000000ec000000,0x00000000f1000000)
  from space 1536K, 0% used [0x00000000f1180000,0x00000000f1180000,0x00000000f1300000)
  to   space 1536K, 0% used [0x00000000f1000000,0x00000000f1000000,0x00000000f1180000)
 ParOldGen       total 655360K, used 274532K [0x00000000c4000000, 0x00000000ec000000, 0x00000000ec000000)
  object space 655360K, 41% used [0x00000000c4000000,0x00000000d4c19390,0x00000000ec000000)
 PSPermGen       total 21504K, used 6533K [0x00000000b9a00000, 0x00000000baf00000, 0x00000000c4000000)
  object space 21504K, 30% used [0x00000000b9a00000,0x00000000ba061728,0x00000000baf00000)
}
Event: 6,999 GC heap before
{Heap before GC invocations=9 (full 3):
 PSYoungGen      total 83456K, used 0K [0x00000000ec000000, 0x00000000f1580000, 0x0000000100000000)
  eden space 81920K, 0% used [0x00000000ec000000,0x00000000ec000000,0x00000000f1000000)
  from space 1536K, 0% used [0x00000000f1180000,0x00000000f1180000,0x00000000f1300000)
  to   space 1536K, 0% used [0x00000000f1000000,0x00000000f1000000,0x00000000f1180000)
 ParOldGen       total 655360K, used 274532K [0x00000000c4000000, 0x00000000ec000000, 0x00000000ec000000)
  object space 655360K, 41% used [0x00000000c4000000,0x00000000d4c19390,0x00000000ec000000)
 PSPermGen       total 21504K, used 6533K [0x00000000b9a00000, 0x00000000baf00000, 0x00000000c4000000)
  object space 21504K, 30% used [0x00000000b9a00000,0x00000000ba061728,0x00000000baf00000)

