# JRE version: OpenJDK Runtime Environment (7.0_79-b14) (build 1.7.0_79-b14)
# Java VM: OpenJDK 64-Bit Server VM (24.79-b02 mixed mode linux-amd64 compressed oops)
Heap
 PSYoungGen      total 33280K, used 18551K [0x00000000ec000000, 0x00000000ee300000, 0x0000000100000000)
  eden space 30720K, 58% used [0x00000000ec000000,0x00000000ed1adce8,0x00000000ede00000)
  from space 2560K, 17% used [0x00000000ee080000,0x00000000ee0f0000,0x00000000ee300000)
  to   space 2560K, 18% used [0x00000000ede00000,0x00000000ede74010,0x00000000ee080000)
 ParOldGen       total 655360K, used 520661K [0x00000000c4000000, 0x00000000ec000000, 0x00000000ec000000)
  object space 655360K, 79% used [0x00000000c4000000,0x00000000e3c756d0,0x00000000ec000000)
 PSPermGen       total 21504K, used 6580K [0x00000000b9a00000, 0x00000000baf00000, 0x00000000c4000000)
  object space 21504K, 30% used [0x00000000b9a00000,0x00000000ba06d218,0x00000000baf00000)
GC Heap History (5 events):
Event: 0,818 GC heap before
{Heap before GC invocations=1 (full 0):
 PSYoungGen      total 17920K, used 13233K [0x00000000ec000000, 0x00000000ed400000, 0x0000000100000000)
  eden space 15360K, 86% used [0x00000000ec000000,0x00000000eccec638,0x00000000ecf00000)
  from space 2560K, 0% used [0x00000000ed180000,0x00000000ed180000,0x00000000ed400000)
  to   space 2560K, 0% used [0x00000000ecf00000,0x00000000ecf00000,0x00000000ed180000)
 ParOldGen       total 40960K, used 0K [0x00000000c4000000, 0x00000000c6800000, 0x00000000ec000000)
  object space 40960K, 0% used [0x00000000c4000000,0x00000000c4000000,0x00000000c6800000)
 PSPermGen       total 21504K, used 6580K [0x00000000b9a00000, 0x00000000baf00000, 0x00000000c4000000)
  object space 21504K, 30% used [0x00000000b9a00000,0x00000000ba06d218,0x00000000baf00000)
Event: 0,827 GC heap after
Heap after GC invocations=1 (full 0):
 PSYoungGen      total 17920K, used 2542K [0x00000000ec000000, 0x00000000ee300000, 0x0000000100000000)
  eden space 15360K, 0% used [0x00000000ec000000,0x00000000ec000000,0x00000000ecf00000)
  from space 2560K, 99% used [0x00000000ecf00000,0x00000000ed17b908,0x00000000ed180000)
  to   space 2560K, 0% used [0x00000000ee080000,0x00000000ee080000,0x00000000ee300000)
 ParOldGen       total 40960K, used 368K [0x00000000c4000000, 0x00000000c6800000, 0x00000000ec000000)
  object space 40960K, 0% used [0x00000000c4000000,0x00000000c405c020,0x00000000c6800000)
 PSPermGen       total 21504K, used 6580K [0x00000000b9a00000, 0x00000000baf00000, 0x00000000c4000000)
  object space 21504K, 30% used [0x00000000b9a00000,0x00000000ba06d218,0x00000000baf00000)
}
Event: 0,922 GC heap before
{Heap before GC invocations=2 (full 0):
 PSYoungGen      total 17920K, used 10837K [0x00000000ec000000, 0x00000000ee300000, 0x0000000100000000)
  eden space 15360K, 54% used [0x00000000ec000000,0x00000000ec819e20,0x00000000ecf00000)
  from space 2560K, 99% used [0x00000000ecf00000,0x00000000ed17b908,0x00000000ed180000)
  to   space 2560K, 0% used [0x00000000ee080000,0x00000000ee080000,0x00000000ee300000)
 ParOldGen       total 40960K, used 368K [0x00000000c4000000, 0x00000000c6800000, 0x00000000ec000000)
  object space 40960K, 0% used [0x00000000c4000000,0x00000000c405c020,0x00000000c6800000)
 PSPermGen       total 21504K, used 6580K [0x00000000b9a00000, 0x00000000baf00000, 0x00000000c4000000)
  object space 21504K, 30% used [0x00000000b9a00000,0x00000000ba06d218,0x00000000baf00000)
Event: 0,932 GC heap after
Heap after GC invocations=2 (full 0):
 PSYoungGen      total 33280K, used 448K [0x00000000ec000000, 0x00000000ee300000, 0x0000000100000000)
  eden space 30720K, 0% used [0x00000000ec000000,0x00000000ec000000,0x00000000ede00000)
  from space 2560K, 17% used [0x00000000ee080000,0x00000000ee0f0000,0x00000000ee300000)
  to   space 2560K, 0% used [0x00000000ede00000,0x00000000ede00000,0x00000000ee080000)
 ParOldGen       total 40960K, used 5124K [0x00000000c4000000, 0x00000000c6800000, 0x00000000ec000000)
  object space 40960K, 12% used [0x00000000c4000000,0x00000000c4501030,0x00000000c6800000)
 PSPermGen       total 21504K, used 6580K [0x00000000b9a00000, 0x00000000baf00000, 0x00000000c4000000)
  object space 21504K, 30% used [0x00000000b9a00000,0x00000000ba06d218,0x00000000baf00000)
}
Event: 1,685 GC heap before
{Heap before GC invocations=3 (full 0):
 PSYoungGen      total 33280K, used 18551K [0x00000000ec000000, 0x00000000ee300000, 0x0000000100000000)
  eden space 30720K, 58% used [0x00000000ec000000,0x00000000ed1adce8,0x00000000ede00000)
  from space 2560K, 17% used [0x00000000ee080000,0x00000000ee0f0000,0x00000000ee300000)
  to   space 2560K, 0% used [0x00000000ede00000,0x00000000ede00000,0x00000000ee080000)
 ParOldGen       total 655360K, used 520661K [0x00000000c4000000, 0x00000000ec000000, 0x00000000ec000000)
  object space 655360K, 79% used [0x00000000c4000000,0x00000000e3c756d0,0x00000000ec000000)
 PSPermGen       total 21504K, used 6580K [0x00000000b9a00000, 0x00000000baf00000, 0x00000000c4000000)
  object space 21504K, 30% used [0x00000000b9a00000,0x00000000ba06d218,0x00000000baf00000)

