# JRE version: OpenJDK Runtime Environment (7.0_79-b14) (build 1.7.0_79-b14)
# Java VM: OpenJDK 64-Bit Server VM (24.79-b02 mixed mode linux-amd64 compressed oops)
Heap
 PSYoungGen      total 17920K, used 864K [0x00000000ec000000, 0x00000000ee300000, 0x0000000100000000)
  eden space 15360K, 0% used [0x00000000ec000000,0x00000000ec000000,0x00000000ecf00000)
  from space 2560K, 33% used [0x00000000ecf00000,0x00000000ecfd8020,0x00000000ed180000)
  to   space 2560K, 33% used [0x00000000ee080000,0x00000000ee158020,0x00000000ee300000)
 ParOldGen       total 655360K, used 530976K [0x00000000c4000000, 0x00000000ec000000, 0x00000000ec000000)
  object space 655360K, 81% used [0x00000000c4000000,0x00000000e46882b8,0x00000000ec000000)
 PSPermGen       total 21504K, used 6580K [0x00000000b9a00000, 0x00000000baf00000, 0x00000000c4000000)
  object space 21504K, 30% used [0x00000000b9a00000,0x00000000ba06d218,0x00000000baf00000)
GC Heap History (7 events):
Event: 1,172 GC heap before
{Heap before GC invocations=1 (full 0):
 PSYoungGen      total 17920K, used 15231K [0x00000000ec000000, 0x00000000ed400000, 0x0000000100000000)
  eden space 15360K, 99% used [0x00000000ec000000,0x00000000ecedfe18,0x00000000ecf00000)
  from space 2560K, 0% used [0x00000000ed180000,0x00000000ed180000,0x00000000ed400000)
  to   space 2560K, 0% used [0x00000000ecf00000,0x00000000ecf00000,0x00000000ed180000)
 ParOldGen       total 40960K, used 0K [0x00000000c4000000, 0x00000000c6800000, 0x00000000ec000000)
  object space 40960K, 0% used [0x00000000c4000000,0x00000000c4000000,0x00000000c6800000)
 PSPermGen       total 21504K, used 6580K [0x00000000b9a00000, 0x00000000baf00000, 0x00000000c4000000)
  object space 21504K, 30% used [0x00000000b9a00000,0x00000000ba06d218,0x00000000baf00000)
Event: 1,176 GC heap after
Heap after GC invocations=1 (full 0):
 PSYoungGen      total 17920K, used 1081K [0x00000000ec000000, 0x00000000ed400000, 0x0000000100000000)
  eden space 15360K, 0% used [0x00000000ec000000,0x00000000ec000000,0x00000000ecf00000)
  from space 2560K, 42% used [0x00000000ecf00000,0x00000000ed00e540,0x00000000ed180000)
  to   space 2560K, 0% used [0x00000000ed180000,0x00000000ed180000,0x00000000ed400000)
 ParOldGen       total 40960K, used 0K [0x00000000c4000000, 0x00000000c6800000, 0x00000000ec000000)
  object space 40960K, 0% used [0x00000000c4000000,0x00000000c4000000,0x00000000c6800000)
 PSPermGen       total 21504K, used 6580K [0x00000000b9a00000, 0x00000000baf00000, 0x00000000c4000000)
  object space 21504K, 30% used [0x00000000b9a00000,0x00000000ba06d218,0x00000000baf00000)
}
Event: 1,271 GC heap before
{Heap before GC invocations=2 (full 0):
 PSYoungGen      total 17920K, used 15219K [0x00000000ec000000, 0x00000000ed400000, 0x0000000100000000)
  eden space 15360K, 92% used [0x00000000ec000000,0x00000000ecdce8b0,0x00000000ecf00000)
  from space 2560K, 42% used [0x00000000ecf00000,0x00000000ed00e540,0x00000000ed180000)
  to   space 2560K, 0% used [0x00000000ed180000,0x00000000ed180000,0x00000000ed400000)
 ParOldGen       total 40960K, used 0K [0x00000000c4000000, 0x00000000c6800000, 0x00000000ec000000)
  object space 40960K, 0% used [0x00000000c4000000,0x00000000c4000000,0x00000000c6800000)
 PSPermGen       total 21504K, used 6580K [0x00000000b9a00000, 0x00000000baf00000, 0x00000000c4000000)
  object space 21504K, 30% used [0x00000000b9a00000,0x00000000ba06d218,0x00000000baf00000)
Event: 1,283 GC heap after
Heap after GC invocations=2 (full 0):
 PSYoungGen      total 17920K, used 848K [0x00000000ec000000, 0x00000000ee300000, 0x0000000100000000)
  eden space 15360K, 0% used [0x00000000ec000000,0x00000000ec000000,0x00000000ecf00000)
  from space 2560K, 33% used [0x00000000ed180000,0x00000000ed254010,0x00000000ed400000)
  to   space 2560K, 0% used [0x00000000ecf00000,0x00000000ecf00000,0x00000000ed180000)
 ParOldGen       total 40960K, used 4756K [0x00000000c4000000, 0x00000000c6800000, 0x00000000ec000000)
  object space 40960K, 11% used [0x00000000c4000000,0x00000000c44a5010,0x00000000c6800000)
 PSPermGen       total 21504K, used 6580K [0x00000000b9a00000, 0x00000000baf00000, 0x00000000c4000000)
  object space 21504K, 30% used [0x00000000b9a00000,0x00000000ba06d218,0x00000000baf00000)
}
Event: 1,784 GC heap before
{Heap before GC invocations=3 (full 0):
 PSYoungGen      total 17920K, used 7970K [0x00000000ec000000, 0x00000000ee300000, 0x0000000100000000)
  eden space 15360K, 46% used [0x00000000ec000000,0x00000000ec6f4808,0x00000000ecf00000)
  from space 2560K, 33% used [0x00000000ed180000,0x00000000ed254010,0x00000000ed400000)
  to   space 2560K, 0% used [0x00000000ecf00000,0x00000000ecf00000,0x00000000ed180000)
 ParOldGen       total 655360K, used 530976K [0x00000000c4000000, 0x00000000ec000000, 0x00000000ec000000)
  object space 655360K, 81% used [0x00000000c4000000,0x00000000e46882b8,0x00000000ec000000)
 PSPermGen       total 21504K, used 6580K [0x00000000b9a00000, 0x00000000baf00000, 0x00000000c4000000)
  object space 21504K, 30% used [0x00000000b9a00000,0x00000000ba06d218,0x00000000baf00000)
Event: 2,394 GC heap after
Heap after GC invocations=3 (full 0):
 PSYoungGen      total 17920K, used 864K [0x00000000ec000000, 0x00000000ee300000, 0x0000000100000000)
  eden space 15360K, 0% used [0x00000000ec000000,0x00000000ec000000,0x00000000ecf00000)
  from space 2560K, 33% used [0x00000000ecf00000,0x00000000ecfd8020,0x00000000ed180000)
  to   space 2560K, 0% used [0x00000000ee080000,0x00000000ee080000,0x00000000ee300000)
 ParOldGen       total 655360K, used 530976K [0x00000000c4000000, 0x00000000ec000000, 0x00000000ec000000)
  object space 655360K, 81% used [0x00000000c4000000,0x00000000e46882b8,0x00000000ec000000)
 PSPermGen       total 21504K, used 6580K [0x00000000b9a00000, 0x00000000baf00000, 0x00000000c4000000)
  object space 21504K, 30% used [0x00000000b9a00000,0x00000000ba06d218,0x00000000baf00000)
}
Event: 2,394 GC heap before
{Heap before GC invocations=4 (full 0):
 PSYoungGen      total 17920K, used 864K [0x00000000ec000000, 0x00000000ee300000, 0x0000000100000000)
  eden space 15360K, 0% used [0x00000000ec000000,0x00000000ec000000,0x00000000ecf00000)
  from space 2560K, 33% used [0x00000000ecf00000,0x00000000ecfd8020,0x00000000ed180000)
  to   space 2560K, 0% used [0x00000000ee080000,0x00000000ee080000,0x00000000ee300000)
 ParOldGen       total 655360K, used 530976K [0x00000000c4000000, 0x00000000ec000000, 0x00000000ec000000)
  object space 655360K, 81% used [0x00000000c4000000,0x00000000e46882b8,0x00000000ec000000)
 PSPermGen       total 21504K, used 6580K [0x00000000b9a00000, 0x00000000baf00000, 0x00000000c4000000)
  object space 21504K, 30% used [0x00000000b9a00000,0x00000000ba06d218,0x00000000baf00000)

